SF:lib\common\exception.dart
DA:6,4
LF:1
LH:1
end_of_record
SF:lib\data\datasources\movie_local_data_source.dart
DA:15,1
DA:17,1
DA:20,2
DA:23,2
DA:27,1
DA:30,2
DA:33,2
DA:37,1
DA:39,2
DA:41,1
DA:47,1
DA:49,2
DA:50,4
LF:13
LH:13
end_of_record
SF:lib\data\models\movie_table.dart
DA:11,2
DA:18,2
DA:19,1
DA:20,1
DA:21,1
DA:22,1
DA:25,2
DA:26,1
DA:27,1
DA:28,1
DA:29,1
DA:32,0
DA:33,0
DA:34,0
DA:35,0
DA:36,0
DA:39,2
DA:40,1
DA:41,1
DA:42,1
DA:43,1
DA:46,2
DA:47,10
LF:23
LH:18
end_of_record
SF:lib\data\models\tv_table.dart
DA:11,2
DA:18,2
DA:19,1
DA:20,1
DA:21,1
DA:22,1
DA:25,2
DA:26,1
DA:27,1
DA:28,1
DA:29,1
DA:32,0
DA:33,0
DA:34,0
DA:35,0
DA:36,0
DA:39,2
DA:40,1
DA:41,1
DA:42,1
DA:43,1
DA:46,2
DA:47,10
LF:23
LH:18
end_of_record
SF:lib\domain\entities\genre.dart
DA:4,10
DA:12,4
DA:13,12
LF:3
LH:3
end_of_record
SF:lib\domain\entities\movie.dart
DA:4,8
DA:20,2
DA:41,8
DA:42,8
DA:43,8
DA:44,8
DA:45,8
DA:46,8
DA:47,8
DA:48,8
DA:49,8
DA:50,8
DA:51,8
DA:52,8
DA:53,8
DA:54,8
DA:55,8
LF:17
LH:17
end_of_record
SF:lib\domain\entities\movie_detail.dart
DA:5,6
DA:33,2
DA:34,2
DA:35,2
DA:36,2
DA:37,2
DA:38,2
DA:39,2
DA:40,2
DA:41,2
DA:42,2
DA:43,2
DA:44,2
DA:45,2
LF:14
LH:14
end_of_record
SF:lib\domain\entities\tv.dart
DA:4,8
DA:20,2
DA:41,8
DA:42,8
DA:43,8
DA:44,8
DA:45,8
DA:46,8
DA:47,8
DA:48,8
DA:49,8
DA:50,8
DA:51,8
DA:52,8
DA:53,8
DA:54,8
DA:55,8
LF:17
LH:17
end_of_record
SF:lib\domain\entities\tv_detail.dart
DA:5,4
DA:51,2
DA:52,2
DA:53,2
DA:54,2
DA:55,2
DA:56,2
DA:57,2
DA:58,2
DA:59,2
DA:60,2
DA:61,2
DA:62,2
DA:63,2
DA:64,2
DA:65,2
DA:66,2
DA:67,2
DA:68,2
DA:69,2
DA:70,2
DA:71,2
DA:72,2
DA:73,2
LF:24
LH:24
end_of_record
SF:lib\common\failure.dart
DA:6,14
DA:8,2
DA:9,4
DA:13,24
DA:17,4
DA:21,8
LF:6
LH:6
end_of_record
SF:lib\data\datasources\movie_remote_data_source.dart
DA:26,1
DA:28,1
DA:31,6
DA:33,2
DA:34,4
DA:36,1
DA:40,1
DA:43,6
DA:45,2
DA:46,3
DA:48,1
DA:52,1
DA:54,1
DA:55,5
DA:57,2
DA:58,4
DA:60,1
DA:64,1
DA:67,6
DA:69,2
DA:70,4
DA:72,1
DA:76,1
DA:79,6
DA:81,2
DA:82,4
DA:84,1
DA:88,1
DA:90,1
DA:91,5
DA:93,2
DA:94,4
DA:96,1
LF:33
LH:33
end_of_record
SF:lib\data\datasources\tv_local_data_source.dart
DA:15,1
DA:17,1
DA:20,2
DA:23,2
DA:27,1
DA:30,2
DA:33,2
DA:37,1
DA:39,2
DA:41,1
DA:47,1
DA:49,2
DA:50,4
LF:13
LH:13
end_of_record
SF:lib\data\datasources\tv_remote_data_source.dart
DA:26,1
DA:28,1
DA:30,6
DA:32,2
DA:33,4
DA:35,1
DA:39,1
DA:41,6
DA:43,2
DA:44,4
DA:46,1
DA:50,1
DA:52,6
DA:54,2
DA:55,4
DA:57,1
DA:61,1
DA:63,6
DA:65,2
DA:66,3
DA:68,1
DA:72,1
DA:74,6
DA:76,2
DA:77,4
DA:79,1
DA:83,1
DA:85,1
DA:86,5
DA:88,2
DA:89,4
DA:91,1
LF:32
LH:32
end_of_record
SF:lib\data\models\movie_detail_model.dart
DA:6,2
DA:52,1
DA:53,1
DA:54,1
DA:55,1
DA:56,1
DA:57,1
DA:58,4
DA:59,1
DA:60,1
DA:61,1
DA:62,1
DA:63,1
DA:64,1
DA:65,2
DA:66,1
DA:67,1
DA:68,1
DA:69,1
DA:70,1
DA:71,1
DA:72,1
DA:73,1
DA:74,2
DA:75,1
DA:78,0
DA:79,0
DA:80,0
DA:81,0
DA:82,0
DA:83,0
DA:84,0
DA:85,0
DA:86,0
DA:87,0
DA:88,0
DA:89,0
DA:90,0
DA:91,0
DA:92,0
DA:93,0
DA:94,0
DA:95,0
DA:96,0
DA:97,0
DA:98,0
DA:99,0
DA:102,1
DA:103,1
DA:104,1
DA:105,1
DA:106,5
DA:107,1
DA:108,1
DA:109,1
DA:110,1
DA:111,1
DA:112,1
DA:113,1
DA:114,1
DA:115,1
DA:119,1
DA:120,1
DA:121,1
DA:122,1
DA:123,1
DA:124,1
DA:125,1
DA:126,1
DA:127,1
DA:128,1
DA:129,1
DA:130,1
DA:131,1
DA:132,1
DA:133,1
DA:134,1
DA:135,1
DA:136,1
DA:137,1
DA:138,1
DA:139,1
DA:140,1
DA:141,1
LF:84
LH:62
end_of_record
SF:lib\data\models\movie_model.dart
DA:5,4
DA:35,4
DA:36,2
DA:37,2
DA:38,8
DA:39,2
DA:40,2
DA:41,2
DA:42,4
DA:43,2
DA:44,2
DA:45,2
DA:46,2
DA:47,4
DA:48,2
DA:51,2
DA:52,1
DA:53,1
DA:54,4
DA:55,1
DA:56,1
DA:57,1
DA:58,1
DA:59,1
DA:60,1
DA:61,1
DA:62,1
DA:63,1
DA:64,1
DA:67,2
DA:68,2
DA:69,2
DA:70,2
DA:71,2
DA:72,2
DA:73,2
DA:74,2
DA:75,2
DA:76,2
DA:77,2
DA:78,2
DA:79,2
DA:80,2
DA:81,2
DA:85,2
DA:86,2
DA:87,2
DA:88,2
DA:89,2
DA:90,2
DA:91,2
DA:92,2
DA:93,2
DA:94,2
DA:95,2
DA:96,2
DA:97,2
DA:98,2
DA:99,2
LF:59
LH:59
end_of_record
SF:lib\data\models\tv_model.dart
DA:5,4
DA:35,4
DA:36,2
DA:37,2
DA:38,8
DA:39,2
DA:40,2
DA:41,8
DA:42,2
DA:43,2
DA:44,2
DA:45,4
DA:46,2
DA:47,4
DA:48,2
DA:51,2
DA:52,1
DA:53,1
DA:54,4
DA:55,1
DA:56,1
DA:57,4
DA:58,1
DA:59,1
DA:60,1
DA:61,1
DA:62,1
DA:63,1
DA:64,1
DA:67,2
DA:68,2
DA:69,2
DA:70,2
DA:71,2
DA:72,2
DA:73,2
DA:74,2
DA:75,2
DA:76,2
DA:77,2
DA:78,2
DA:79,2
DA:80,2
DA:81,2
DA:85,2
DA:86,2
DA:87,2
DA:88,2
DA:89,2
DA:90,2
DA:91,2
DA:92,2
DA:93,2
DA:94,2
DA:95,2
DA:96,2
DA:97,2
DA:98,2
DA:99,2
LF:59
LH:59
end_of_record
SF:lib\data\models\tv_show_detail_model.dart
DA:6,2
DA:52,2
DA:53,1
DA:54,1
DA:55,5
DA:56,1
DA:57,1
DA:58,4
DA:59,1
DA:60,1
DA:61,1
DA:62,1
DA:63,4
DA:64,1
DA:65,1
DA:66,1
DA:67,2
DA:68,1
DA:69,1
DA:70,1
DA:71,1
DA:72,2
DA:73,1
DA:76,0
DA:77,0
DA:78,0
DA:79,0
DA:80,0
DA:81,0
DA:82,0
DA:83,0
DA:84,0
DA:85,0
DA:86,0
DA:87,0
DA:88,0
DA:89,0
DA:90,0
DA:91,0
DA:92,0
DA:93,0
DA:94,0
DA:95,0
DA:96,0
DA:97,0
DA:100,1
DA:101,1
DA:102,1
DA:103,1
DA:104,5
DA:105,1
DA:106,1
DA:107,1
DA:108,1
DA:109,1
DA:110,1
DA:111,1
DA:112,1
DA:113,1
DA:114,1
DA:115,1
DA:116,1
DA:117,1
DA:118,1
DA:119,1
DA:120,1
DA:121,1
DA:122,1
DA:126,1
DA:127,1
DA:128,1
DA:129,1
DA:130,1
DA:131,1
DA:132,1
DA:133,1
DA:134,1
DA:135,1
DA:136,1
DA:137,1
DA:138,1
DA:139,1
DA:140,1
DA:141,1
DA:142,1
DA:143,1
DA:144,1
DA:145,1
DA:146,1
DA:147,1
DA:148,1
LF:91
LH:69
end_of_record
SF:lib\data\models\movie_response.dart
DA:7,2
DA:9,4
DA:10,4
DA:11,6
DA:12,6
DA:15,2
DA:16,5
DA:19,1
DA:20,2
LF:9
LH:9
end_of_record
SF:lib\data\models\tv_response.dart
DA:7,2
DA:9,4
DA:10,4
DA:11,6
DA:12,6
DA:15,2
DA:16,5
DA:19,1
DA:20,2
LF:9
LH:9
end_of_record
SF:lib\data\models\genre_model.dart
DA:5,4
DA:13,4
DA:14,2
DA:15,2
DA:18,0
DA:19,0
DA:20,0
DA:23,2
DA:24,6
DA:27,2
DA:28,6
LF:11
LH:8
end_of_record
SF:lib\domain\usecases\get_movie_detail.dart
DA:9,1
DA:11,1
DA:12,2
LF:3
LH:3
end_of_record
SF:lib\domain\usecases\get_movie_recommendations.dart
DA:9,1
DA:11,1
DA:12,2
LF:3
LH:3
end_of_record
SF:lib\domain\usecases\get_watchlist_status.dart
DA:6,1
DA:8,1
DA:9,2
LF:3
LH:3
end_of_record
SF:lib\domain\usecases\remove_watchlist.dart
DA:9,1
DA:11,1
DA:12,2
LF:3
LH:3
end_of_record
SF:lib\domain\usecases\save_watchlist.dart
DA:9,1
DA:11,1
DA:12,2
LF:3
LH:3
end_of_record
SF:lib\presentation\bloc\movie\movie_detail_event.dart
DA:4,2
DA:6,0
DA:7,0
DA:13,2
DA:15,0
DA:16,0
DA:22,2
DA:24,0
DA:25,0
DA:31,1
DA:33,0
DA:34,0
DA:40,2
DA:42,0
DA:43,0
DA:49,2
DA:51,0
DA:52,0
LF:18
LH:6
end_of_record
SF:lib\presentation\bloc\movie\movie_detail_state.dart
DA:9,2
DA:16,2
DA:21,2
DA:22,1
DA:23,2
DA:24,1
DA:25,2
DA:28,4
DA:29,2
DA:30,2
DA:35,1
DA:36,1
DA:37,1
DA:38,1
DA:39,1
DA:40,1
LF:16
LH:16
end_of_record
SF:lib\presentation\bloc\movie\movie_detail_bloc.dart
DA:25,1
DA:31,2
DA:32,2
DA:33,4
DA:35,3
DA:37,2
DA:38,5
DA:39,1
DA:40,4
DA:44,2
DA:45,4
DA:47,3
DA:49,2
DA:50,5
DA:51,1
DA:52,4
DA:56,2
DA:57,3
DA:59,1
DA:60,0
DA:61,1
DA:62,3
DA:65,4
DA:68,2
DA:69,3
DA:71,1
DA:72,0
DA:73,1
DA:74,3
DA:77,4
DA:80,2
DA:81,3
DA:82,3
LF:33
LH:31
end_of_record
SF:lib\presentation\bloc\base_bloc_state.dart
DA:4,19
DA:6,12
DA:7,12
DA:17,17
DA:19,12
DA:20,24
DA:26,19
DA:28,12
DA:29,24
LF:9
LH:9
end_of_record
SF:lib\domain\usecases\search_movies.dart
DA:9,1
DA:11,1
DA:12,2
LF:3
LH:3
end_of_record
SF:lib\presentation\bloc\movie\movie_search_event.dart
DA:4,1
DA:6,0
DA:7,0
DA:13,1
DA:15,0
DA:16,0
LF:6
LH:2
end_of_record
SF:lib\presentation\bloc\movie\movie_search_bloc.dart
DA:13,3
DA:14,2
DA:15,1
DA:17,2
DA:18,2
DA:20,2
DA:21,3
DA:22,1
DA:23,2
DA:25,1
DA:28,1
DA:29,3
LF:12
LH:12
end_of_record
SF:lib\data\repositories\movie_repository_impl.dart
DA:17,1
DA:22,1
DA:25,2
DA:26,5
DA:27,1
DA:28,2
DA:29,1
DA:30,2
DA:34,1
DA:37,2
DA:38,2
DA:39,1
DA:40,2
DA:41,1
DA:42,2
DA:46,1
DA:49,2
DA:50,3
DA:51,1
DA:52,2
DA:53,1
DA:54,2
DA:58,1
DA:61,2
DA:62,5
DA:63,1
DA:64,2
DA:65,1
DA:66,2
DA:70,1
DA:73,2
DA:74,5
DA:75,1
DA:76,2
DA:77,1
DA:78,2
DA:82,1
DA:85,2
DA:86,5
DA:87,1
DA:88,2
DA:89,1
DA:90,2
DA:94,1
DA:98,3
DA:99,1
DA:100,1
DA:101,3
DA:107,1
DA:111,3
DA:112,1
DA:113,1
DA:114,3
DA:118,1
DA:120,2
DA:124,1
DA:126,2
DA:127,5
LF:58
LH:58
end_of_record
SF:lib\data\repositories\tv_repository_impl.dart
DA:17,1
DA:22,1
DA:25,2
DA:26,5
DA:27,1
DA:28,2
DA:29,1
DA:30,2
DA:34,1
DA:37,2
DA:38,5
DA:39,1
DA:40,2
DA:41,1
DA:42,2
DA:46,1
DA:49,2
DA:50,5
DA:51,1
DA:52,2
DA:53,1
DA:54,2
DA:58,1
DA:61,2
DA:62,2
DA:63,1
DA:64,2
DA:65,1
DA:66,2
DA:70,1
DA:73,2
DA:74,3
DA:75,1
DA:76,2
DA:77,1
DA:78,2
DA:82,1
DA:85,2
DA:86,5
DA:87,1
DA:88,2
DA:89,1
DA:90,2
DA:94,1
DA:97,3
DA:98,1
DA:99,1
DA:100,3
DA:106,1
DA:109,3
DA:110,1
DA:111,1
DA:112,3
DA:116,1
DA:118,2
DA:122,1
DA:124,2
DA:125,5
LF:58
LH:58
end_of_record
SF:lib\domain\usecases\get_now_playing_movies.dart
DA:9,1
DA:11,1
DA:12,2
LF:3
LH:3
end_of_record
SF:lib\domain\usecases\get_popular_movies.dart
DA:9,1
DA:11,1
DA:12,2
LF:3
LH:3
end_of_record
SF:lib\domain\usecases\get_top_rated_movies.dart
DA:9,1
DA:11,1
DA:12,2
LF:3
LH:3
end_of_record
SF:lib\domain\usecases\get_watchlist_movies.dart
DA:9,1
DA:11,1
DA:12,2
LF:3
LH:3
end_of_record
SF:lib\domain\usecases\tv_use_case.dart
DA:11,1
DA:13,1
DA:14,2
DA:17,1
DA:18,2
DA:21,1
DA:22,2
DA:25,1
DA:26,2
DA:29,1
DA:30,2
DA:33,1
DA:34,2
DA:37,1
DA:38,2
DA:41,1
DA:42,2
DA:45,1
DA:46,2
DA:49,1
DA:50,2
LF:21
LH:21
end_of_record
SF:lib\presentation\bloc\movie\movie_now_playing_event.dart
DA:4,1
DA:6,0
DA:7,0
LF:3
LH:1
end_of_record
SF:lib\presentation\bloc\movie\movie_now_playing_bloc.dart
DA:12,3
DA:13,2
DA:14,2
DA:16,2
DA:18,2
DA:19,3
DA:20,1
DA:21,2
LF:8
LH:8
end_of_record
SF:lib\presentation\bloc\movie\movie_popular_event.dart
DA:4,2
DA:6,0
DA:7,0
LF:3
LH:1
end_of_record
SF:lib\presentation\bloc\movie\movie_popular_bloc.dart
DA:12,3
DA:13,2
DA:14,2
DA:16,2
DA:18,2
DA:19,3
DA:20,1
DA:21,2
LF:8
LH:8
end_of_record
SF:lib\presentation\bloc\movie\movie_top_rated_bloc.dart
DA:12,3
DA:13,2
DA:14,2
DA:16,2
DA:18,2
DA:19,3
DA:20,1
DA:21,2
LF:8
LH:8
end_of_record
SF:lib\presentation\bloc\movie\movie_top_rated_event.dart
DA:4,2
DA:6,0
DA:7,0
LF:3
LH:1
end_of_record
SF:lib\presentation\bloc\movie\movie_watch_list_bloc.dart
DA:12,3
DA:13,2
DA:14,2
DA:16,2
DA:18,2
DA:19,3
DA:20,1
DA:21,2
LF:8
LH:8
end_of_record
SF:lib\presentation\bloc\movie\movie_watch_list_event.dart
DA:4,1
DA:6,0
DA:7,0
LF:3
LH:1
end_of_record
SF:lib\presentation\bloc\tv\tv_detail_event.dart
DA:4,2
DA:6,0
DA:7,0
DA:13,2
DA:15,0
DA:16,0
DA:22,2
DA:24,0
DA:25,0
DA:31,1
DA:33,0
DA:34,0
DA:40,2
DA:42,0
DA:43,0
DA:49,2
DA:51,0
DA:52,0
LF:18
LH:6
end_of_record
SF:lib\presentation\bloc\tv\tv_detail_state.dart
DA:9,2
DA:16,2
DA:21,2
DA:22,1
DA:23,2
DA:24,1
DA:25,2
DA:28,4
DA:29,2
DA:30,2
DA:35,1
DA:36,1
DA:37,1
DA:38,1
DA:39,1
DA:40,1
LF:16
LH:16
end_of_record
SF:lib\presentation\bloc\tv\tv_detail_bloc.dart
DA:17,3
DA:18,2
DA:19,4
DA:21,3
DA:23,2
DA:24,5
DA:25,1
DA:26,4
DA:30,2
DA:31,4
DA:33,3
DA:35,2
DA:36,5
DA:37,1
DA:38,4
DA:42,2
DA:43,3
DA:45,1
DA:46,0
DA:47,1
DA:48,3
DA:51,4
DA:54,2
DA:55,3
DA:57,1
DA:58,0
DA:59,1
DA:60,3
DA:63,4
DA:66,2
DA:67,3
DA:68,3
LF:32
LH:30
end_of_record
SF:lib\presentation\bloc\tv\tv_ota_bloc.dart
DA:12,3
DA:13,2
DA:14,2
DA:16,2
DA:18,2
DA:19,3
DA:20,1
DA:21,2
LF:8
LH:8
end_of_record
SF:lib\presentation\bloc\tv\tv_ota_event.dart
DA:4,2
DA:6,0
DA:7,0
LF:3
LH:1
end_of_record
SF:lib\presentation\bloc\tv\tv_popular_bloc.dart
DA:12,3
DA:13,2
DA:14,2
DA:16,2
DA:18,2
DA:19,3
DA:20,1
DA:21,2
LF:8
LH:8
end_of_record
SF:lib\presentation\bloc\tv\tv_popular_event.dart
DA:4,2
DA:6,0
DA:7,0
LF:3
LH:1
end_of_record
SF:lib\presentation\bloc\tv\tv_top_rated_event.dart
DA:4,2
DA:6,0
DA:7,0
LF:3
LH:1
end_of_record
SF:lib\presentation\bloc\tv\tv_top_rated_bloc.dart
DA:12,3
DA:13,2
DA:14,2
DA:16,2
DA:18,2
DA:19,3
DA:20,1
DA:21,2
LF:8
LH:8
end_of_record
SF:lib\presentation\bloc\tv\tv_search_event.dart
DA:4,1
DA:6,0
DA:7,0
DA:13,1
DA:15,0
DA:16,0
LF:6
LH:2
end_of_record
SF:lib\presentation\bloc\tv\tv_search_bloc.dart
DA:13,3
DA:14,2
DA:15,1
DA:17,2
DA:18,2
DA:20,2
DA:21,3
DA:22,1
DA:23,2
DA:25,2
DA:28,1
DA:29,3
LF:12
LH:12
end_of_record
SF:lib\presentation\bloc\tv\tv_watch_list_event.dart
DA:4,1
DA:6,0
DA:7,0
LF:3
LH:1
end_of_record
SF:lib\presentation\bloc\tv\tv_watch_list_bloc.dart
DA:12,3
DA:13,2
DA:14,2
DA:16,2
DA:18,2
DA:19,3
DA:20,1
DA:21,2
LF:8
LH:8
end_of_record
SF:lib\presentation\pages\movie\movie_detail_page.dart
DA:16,1
DA:18,1
DA:19,1
DA:23,1
DA:25,1
DA:26,4
DA:27,4
DA:28,4
DA:29,4
DA:32,1
DA:34,1
DA:35,1
DA:36,1
DA:37,1
DA:39,1
DA:40,1
DA:41,1
DA:42,3
DA:44,1
DA:46,1
DA:47,1
DA:48,1
DA:54,1
DA:55,2
DA:56,3
DA:57,1
DA:58,1
DA:59,1
DA:60,0
DA:61,0
DA:63,1
DA:64,1
DA:65,1
DA:66,1
DA:68,1
DA:71,1
DA:72,0
DA:73,0
DA:74,0
DA:77,1
DA:78,1
DA:79,1
DA:92,1
DA:94,1
DA:96,3
DA:97,1
DA:98,1
DA:99,1
DA:100,3
DA:102,2
DA:103,1
DA:105,0
DA:107,1
DA:109,1
DA:110,1
DA:111,1
DA:112,1
DA:114,2
DA:121,1
DA:122,1
DA:123,1
DA:125,1
DA:127,1
DA:129,1
DA:130,1
DA:131,2
DA:132,1
DA:134,1
DA:135,1
DA:136,1
DA:137,0
DA:140,0
DA:142,1
DA:145,3
DA:148,1
DA:150,1
DA:151,1
DA:152,1
DA:153,1
DA:154,1
DA:158,1
DA:159,3
DA:161,1
DA:162,3
DA:164,1
DA:165,1
DA:166,1
DA:167,3
DA:169,2
DA:175,4
DA:178,1
DA:179,1
DA:181,1
DA:183,1
DA:184,2
DA:186,1
DA:187,1
DA:189,1
DA:191,1
DA:192,1
DA:193,1
DA:194,1
DA:195,0
DA:196,0
DA:198,1
DA:199,0
DA:200,1
DA:201,0
DA:202,0
DA:204,0
DA:206,0
DA:207,0
DA:208,0
DA:210,0
DA:211,0
DA:212,0
DA:215,0
DA:218,0
DA:219,0
DA:220,0
DA:222,0
DA:224,0
DA:225,0
DA:226,0
DA:228,0
DA:231,0
DA:232,0
DA:238,0
DA:242,1
DA:250,1
DA:252,1
DA:267,1
DA:269,1
DA:272,1
DA:273,1
DA:274,0
DA:275,0
DA:284,1
DA:286,2
DA:287,3
DA:290,1
DA:294,3
DA:297,1
DA:298,1
DA:299,1
DA:301,1
DA:302,1
DA:304,0
LF:148
LH:113
end_of_record
SF:lib\presentation\pages\movie\popular_movies_page.dart
DA:11,1
DA:12,1
DA:16,1
DA:18,1
DA:19,2
DA:20,2
DA:21,2
DA:24,1
DA:26,1
DA:27,1
DA:28,1
DA:30,1
DA:32,1
DA:33,1
DA:34,1
DA:35,1
DA:36,1
DA:38,1
DA:39,1
DA:40,0
DA:41,0
DA:42,0
DA:44,2
DA:46,1
DA:47,1
DA:48,1
DA:49,2
DA:52,0
DA:53,0
DA:54,0
LF:30
LH:24
end_of_record
SF:lib\presentation\widgets\movie_card_list.dart
DA:10,0
DA:12,0
DA:14,0
DA:16,0
DA:17,0
DA:18,0
DA:21,0
DA:24,0
DA:26,0
DA:27,0
DA:28,0
DA:34,0
DA:36,0
DA:37,0
DA:38,0
DA:41,0
DA:43,0
DA:44,0
DA:45,0
DA:53,0
DA:58,0
DA:59,0
DA:60,0
DA:62,0
DA:63,0
DA:65,0
DA:67,0
LF:27
LH:0
end_of_record
SF:lib\presentation\pages\movie\top_rated_movies_page.dart
DA:11,1
DA:12,1
DA:16,1
DA:18,1
DA:19,2
DA:20,2
DA:21,2
DA:24,1
DA:26,1
DA:27,1
DA:28,1
DA:30,1
DA:32,1
DA:33,1
DA:34,1
DA:35,1
DA:36,1
DA:38,1
DA:39,1
DA:40,0
DA:41,0
DA:42,0
DA:44,2
DA:46,1
DA:47,1
DA:48,1
DA:49,2
DA:52,0
DA:53,0
DA:54,0
LF:30
LH:24
end_of_record
SF:lib\presentation\pages\tv_show\on_the_air_tv_show_page.dart
DA:10,1
DA:11,1
DA:15,1
DA:17,1
DA:18,4
DA:21,1
DA:23,1
DA:24,1
DA:25,1
DA:27,1
DA:29,1
DA:30,1
DA:31,1
DA:32,1
DA:33,1
DA:35,1
DA:36,1
DA:37,1
DA:38,0
DA:39,0
DA:40,0
DA:42,1
DA:44,1
DA:45,1
DA:46,1
DA:47,2
DA:50,0
DA:51,0
DA:52,0
LF:29
LH:23
end_of_record
SF:lib\presentation\widgets\tv_card_list.dart
DA:10,0
DA:12,0
DA:14,0
DA:16,0
DA:17,0
DA:18,0
DA:21,0
DA:24,0
DA:26,0
DA:27,0
DA:28,0
DA:34,0
DA:36,0
DA:37,0
DA:38,0
DA:41,0
DA:43,0
DA:44,0
DA:45,0
DA:53,0
DA:58,0
DA:59,0
DA:60,0
DA:62,0
DA:63,0
DA:65,0
DA:67,0
LF:27
LH:0
end_of_record
SF:lib\presentation\pages\tv_show\tv_show_detail_page.dart
DA:17,1
DA:19,1
DA:20,1
DA:24,1
DA:26,1
DA:27,2
DA:28,2
DA:29,4
DA:30,4
DA:31,4
DA:35,1
DA:37,1
DA:38,1
DA:39,1
DA:40,1
DA:42,1
DA:43,1
DA:44,1
DA:45,3
DA:47,1
DA:49,1
DA:50,1
DA:51,1
DA:57,1
DA:58,2
DA:59,3
DA:60,1
DA:61,1
DA:62,1
DA:63,0
DA:64,0
DA:66,1
DA:67,1
DA:68,1
DA:69,1
DA:71,1
DA:74,1
DA:75,0
DA:76,0
DA:77,0
DA:80,1
DA:81,1
DA:82,1
DA:95,1
DA:97,1
DA:99,3
DA:100,1
DA:101,1
DA:102,1
DA:103,3
DA:105,2
DA:106,1
DA:108,0
DA:110,1
DA:112,1
DA:113,1
DA:114,1
DA:115,1
DA:117,2
DA:124,1
DA:125,1
DA:126,1
DA:128,1
DA:130,1
DA:132,1
DA:133,1
DA:134,2
DA:135,1
DA:137,1
DA:138,1
DA:139,1
DA:140,0
DA:143,0
DA:145,1
DA:148,3
DA:151,1
DA:153,1
DA:154,1
DA:155,1
DA:156,1
DA:157,1
DA:161,1
DA:162,3
DA:167,1
DA:168,1
DA:169,1
DA:170,3
DA:172,2
DA:178,4
DA:181,1
DA:182,1
DA:184,1
DA:186,1
DA:187,2
DA:189,1
DA:190,1
DA:192,1
DA:194,1
DA:195,1
DA:196,1
DA:197,1
DA:198,0
DA:199,0
DA:201,1
DA:202,0
DA:203,1
DA:204,0
DA:205,0
DA:207,0
DA:209,0
DA:210,0
DA:211,0
DA:213,0
DA:214,0
DA:215,0
DA:218,0
DA:221,0
DA:222,0
DA:223,0
DA:225,0
DA:227,0
DA:228,0
DA:229,0
DA:231,0
DA:234,0
DA:235,0
DA:241,0
DA:245,1
DA:253,1
DA:255,1
DA:270,1
DA:272,1
DA:275,1
DA:276,1
DA:277,0
DA:278,0
DA:287,1
DA:289,2
DA:290,3
DA:293,1
DA:297,3
LF:141
LH:107
end_of_record
SF:lib\presentation\pages\tv_show\popular_tv_show_page.dart
DA:10,1
DA:11,1
DA:15,1
DA:17,1
DA:18,4
DA:21,1
DA:23,1
DA:24,1
DA:25,1
DA:27,1
DA:29,1
DA:30,1
DA:31,1
DA:32,1
DA:33,1
DA:35,1
DA:36,1
DA:37,1
DA:38,0
DA:39,0
DA:40,0
DA:42,1
DA:44,1
DA:45,1
DA:46,1
DA:47,2
DA:50,0
DA:51,0
DA:52,0
LF:29
LH:23
end_of_record
SF:lib\presentation\pages\tv_show\top_rated_tv_show_page.dart
DA:10,1
DA:11,1
DA:15,1
DA:17,1
DA:18,4
DA:21,1
DA:23,1
DA:24,1
DA:25,1
DA:27,1
DA:29,1
DA:30,1
DA:31,1
DA:32,1
DA:33,1
DA:35,1
DA:36,1
DA:37,1
DA:38,0
DA:39,0
DA:40,0
DA:42,1
DA:44,1
DA:45,1
DA:46,1
DA:47,2
DA:50,0
DA:51,0
DA:52,0
LF:29
LH:23
end_of_record
SF:./lib\common\exception.dart
DA:6,4
LF:1
LH:1
end_of_record
SF:./lib\data\datasources\movie_local_data_source.dart
DA:15,1
DA:17,1
DA:20,2
DA:23,2
DA:27,1
DA:30,2
DA:33,2
DA:37,1
DA:39,2
DA:41,1
DA:47,1
DA:49,2
DA:50,4
LF:13
LH:13
end_of_record
SF:./lib\data\models\movie_table.dart
DA:11,2
DA:18,2
DA:19,1
DA:20,1
DA:21,1
DA:22,1
DA:25,2
DA:26,1
DA:27,1
DA:28,1
DA:29,1
DA:32,0
DA:33,0
DA:34,0
DA:35,0
DA:36,0
DA:39,2
DA:40,1
DA:41,1
DA:42,1
DA:43,1
DA:46,2
DA:47,10
LF:23
LH:18
end_of_record
SF:./lib\data\models\tv_table.dart
DA:11,2
DA:18,2
DA:19,1
DA:20,1
DA:21,1
DA:22,1
DA:25,2
DA:26,1
DA:27,1
DA:28,1
DA:29,1
DA:32,0
DA:33,0
DA:34,0
DA:35,0
DA:36,0
DA:39,2
DA:40,1
DA:41,1
DA:42,1
DA:43,1
DA:46,2
DA:47,10
LF:23
LH:18
end_of_record
SF:./lib\domain\entities\genre.dart
DA:4,10
DA:12,4
DA:13,12
LF:3
LH:3
end_of_record
SF:./lib\domain\entities\movie.dart
DA:4,8
DA:20,2
DA:41,8
DA:42,8
DA:43,8
DA:44,8
DA:45,8
DA:46,8
DA:47,8
DA:48,8
DA:49,8
DA:50,8
DA:51,8
DA:52,8
DA:53,8
DA:54,8
DA:55,8
LF:17
LH:17
end_of_record
SF:./lib\domain\entities\movie_detail.dart
DA:5,6
DA:33,2
DA:34,2
DA:35,2
DA:36,2
DA:37,2
DA:38,2
DA:39,2
DA:40,2
DA:41,2
DA:42,2
DA:43,2
DA:44,2
DA:45,2
LF:14
LH:14
end_of_record
SF:./lib\domain\entities\tv.dart
DA:4,8
DA:20,2
DA:41,8
DA:42,8
DA:43,8
DA:44,8
DA:45,8
DA:46,8
DA:47,8
DA:48,8
DA:49,8
DA:50,8
DA:51,8
DA:52,8
DA:53,8
DA:54,8
DA:55,8
LF:17
LH:17
end_of_record
SF:./lib\domain\entities\tv_detail.dart
DA:5,4
DA:51,2
DA:52,2
DA:53,2
DA:54,2
DA:55,2
DA:56,2
DA:57,2
DA:58,2
DA:59,2
DA:60,2
DA:61,2
DA:62,2
DA:63,2
DA:64,2
DA:65,2
DA:66,2
DA:67,2
DA:68,2
DA:69,2
DA:70,2
DA:71,2
DA:72,2
DA:73,2
LF:24
LH:24
end_of_record
SF:./lib\common\failure.dart
DA:6,14
DA:8,2
DA:9,4
DA:13,24
DA:17,4
DA:21,8
LF:6
LH:6
end_of_record
SF:./lib\data\datasources\movie_remote_data_source.dart
DA:26,1
DA:28,1
DA:31,6
DA:33,2
DA:34,4
DA:36,1
DA:40,1
DA:43,6
DA:45,2
DA:46,3
DA:48,1
DA:52,1
DA:54,1
DA:55,5
DA:57,2
DA:58,4
DA:60,1
DA:64,1
DA:67,6
DA:69,2
DA:70,4
DA:72,1
DA:76,1
DA:79,6
DA:81,2
DA:82,4
DA:84,1
DA:88,1
DA:90,1
DA:91,5
DA:93,2
DA:94,4
DA:96,1
LF:33
LH:33
end_of_record
SF:./lib\data\datasources\tv_local_data_source.dart
DA:15,1
DA:17,1
DA:20,2
DA:23,2
DA:27,1
DA:30,2
DA:33,2
DA:37,1
DA:39,2
DA:41,1
DA:47,1
DA:49,2
DA:50,4
LF:13
LH:13
end_of_record
SF:./lib\data\datasources\tv_remote_data_source.dart
DA:26,1
DA:28,1
DA:30,6
DA:32,2
DA:33,4
DA:35,1
DA:39,1
DA:41,6
DA:43,2
DA:44,4
DA:46,1
DA:50,1
DA:52,6
DA:54,2
DA:55,4
DA:57,1
DA:61,1
DA:63,6
DA:65,2
DA:66,3
DA:68,1
DA:72,1
DA:74,6
DA:76,2
DA:77,4
DA:79,1
DA:83,1
DA:85,1
DA:86,5
DA:88,2
DA:89,4
DA:91,1
LF:32
LH:32
end_of_record
SF:./lib\data\models\movie_detail_model.dart
DA:6,2
DA:52,1
DA:53,1
DA:54,1
DA:55,1
DA:56,1
DA:57,1
DA:58,4
DA:59,1
DA:60,1
DA:61,1
DA:62,1
DA:63,1
DA:64,1
DA:65,2
DA:66,1
DA:67,1
DA:68,1
DA:69,1
DA:70,1
DA:71,1
DA:72,1
DA:73,1
DA:74,2
DA:75,1
DA:78,0
DA:79,0
DA:80,0
DA:81,0
DA:82,0
DA:83,0
DA:84,0
DA:85,0
DA:86,0
DA:87,0
DA:88,0
DA:89,0
DA:90,0
DA:91,0
DA:92,0
DA:93,0
DA:94,0
DA:95,0
DA:96,0
DA:97,0
DA:98,0
DA:99,0
DA:102,1
DA:103,1
DA:104,1
DA:105,1
DA:106,5
DA:107,1
DA:108,1
DA:109,1
DA:110,1
DA:111,1
DA:112,1
DA:113,1
DA:114,1
DA:115,1
DA:119,1
DA:120,1
DA:121,1
DA:122,1
DA:123,1
DA:124,1
DA:125,1
DA:126,1
DA:127,1
DA:128,1
DA:129,1
DA:130,1
DA:131,1
DA:132,1
DA:133,1
DA:134,1
DA:135,1
DA:136,1
DA:137,1
DA:138,1
DA:139,1
DA:140,1
DA:141,1
LF:84
LH:62
end_of_record
SF:./lib\data\models\movie_model.dart
DA:5,4
DA:35,4
DA:36,2
DA:37,2
DA:38,8
DA:39,2
DA:40,2
DA:41,2
DA:42,4
DA:43,2
DA:44,2
DA:45,2
DA:46,2
DA:47,4
DA:48,2
DA:51,2
DA:52,1
DA:53,1
DA:54,4
DA:55,1
DA:56,1
DA:57,1
DA:58,1
DA:59,1
DA:60,1
DA:61,1
DA:62,1
DA:63,1
DA:64,1
DA:67,2
DA:68,2
DA:69,2
DA:70,2
DA:71,2
DA:72,2
DA:73,2
DA:74,2
DA:75,2
DA:76,2
DA:77,2
DA:78,2
DA:79,2
DA:80,2
DA:81,2
DA:85,2
DA:86,2
DA:87,2
DA:88,2
DA:89,2
DA:90,2
DA:91,2
DA:92,2
DA:93,2
DA:94,2
DA:95,2
DA:96,2
DA:97,2
DA:98,2
DA:99,2
LF:59
LH:59
end_of_record
SF:./lib\data\models\tv_model.dart
DA:5,4
DA:35,4
DA:36,2
DA:37,2
DA:38,8
DA:39,2
DA:40,2
DA:41,8
DA:42,2
DA:43,2
DA:44,2
DA:45,4
DA:46,2
DA:47,4
DA:48,2
DA:51,2
DA:52,1
DA:53,1
DA:54,4
DA:55,1
DA:56,1
DA:57,4
DA:58,1
DA:59,1
DA:60,1
DA:61,1
DA:62,1
DA:63,1
DA:64,1
DA:67,2
DA:68,2
DA:69,2
DA:70,2
DA:71,2
DA:72,2
DA:73,2
DA:74,2
DA:75,2
DA:76,2
DA:77,2
DA:78,2
DA:79,2
DA:80,2
DA:81,2
DA:85,2
DA:86,2
DA:87,2
DA:88,2
DA:89,2
DA:90,2
DA:91,2
DA:92,2
DA:93,2
DA:94,2
DA:95,2
DA:96,2
DA:97,2
DA:98,2
DA:99,2
LF:59
LH:59
end_of_record
SF:./lib\data\models\tv_show_detail_model.dart
DA:6,2
DA:52,2
DA:53,1
DA:54,1
DA:55,5
DA:56,1
DA:57,1
DA:58,4
DA:59,1
DA:60,1
DA:61,1
DA:62,1
DA:63,4
DA:64,1
DA:65,1
DA:66,1
DA:67,2
DA:68,1
DA:69,1
DA:70,1
DA:71,1
DA:72,2
DA:73,1
DA:76,0
DA:77,0
DA:78,0
DA:79,0
DA:80,0
DA:81,0
DA:82,0
DA:83,0
DA:84,0
DA:85,0
DA:86,0
DA:87,0
DA:88,0
DA:89,0
DA:90,0
DA:91,0
DA:92,0
DA:93,0
DA:94,0
DA:95,0
DA:96,0
DA:97,0
DA:100,1
DA:101,1
DA:102,1
DA:103,1
DA:104,5
DA:105,1
DA:106,1
DA:107,1
DA:108,1
DA:109,1
DA:110,1
DA:111,1
DA:112,1
DA:113,1
DA:114,1
DA:115,1
DA:116,1
DA:117,1
DA:118,1
DA:119,1
DA:120,1
DA:121,1
DA:122,1
DA:126,1
DA:127,1
DA:128,1
DA:129,1
DA:130,1
DA:131,1
DA:132,1
DA:133,1
DA:134,1
DA:135,1
DA:136,1
DA:137,1
DA:138,1
DA:139,1
DA:140,1
DA:141,1
DA:142,1
DA:143,1
DA:144,1
DA:145,1
DA:146,1
DA:147,1
DA:148,1
LF:91
LH:69
end_of_record
SF:./lib\data\models\movie_response.dart
DA:7,2
DA:9,4
DA:10,4
DA:11,6
DA:12,6
DA:15,2
DA:16,5
DA:19,1
DA:20,2
LF:9
LH:9
end_of_record
SF:./lib\data\models\tv_response.dart
DA:7,2
DA:9,4
DA:10,4
DA:11,6
DA:12,6
DA:15,2
DA:16,5
DA:19,1
DA:20,2
LF:9
LH:9
end_of_record
SF:./lib\data\models\genre_model.dart
DA:5,4
DA:13,4
DA:14,2
DA:15,2
DA:18,0
DA:19,0
DA:20,0
DA:23,2
DA:24,6
DA:27,2
DA:28,6
LF:11
LH:8
end_of_record
SF:./lib\domain\usecases\get_movie_detail.dart
DA:9,1
DA:11,1
DA:12,2
LF:3
LH:3
end_of_record
SF:./lib\domain\usecases\get_movie_recommendations.dart
DA:9,1
DA:11,1
DA:12,2
LF:3
LH:3
end_of_record
SF:./lib\domain\usecases\get_watchlist_status.dart
DA:6,1
DA:8,1
DA:9,2
LF:3
LH:3
end_of_record
SF:./lib\domain\usecases\remove_watchlist.dart
DA:9,1
DA:11,1
DA:12,2
LF:3
LH:3
end_of_record
SF:./lib\domain\usecases\save_watchlist.dart
DA:9,1
DA:11,1
DA:12,2
LF:3
LH:3
end_of_record
SF:./lib\presentation\bloc\movie\movie_detail_event.dart
DA:4,2
DA:6,0
DA:7,0
DA:13,2
DA:15,0
DA:16,0
DA:22,2
DA:24,0
DA:25,0
DA:31,1
DA:33,0
DA:34,0
DA:40,2
DA:42,0
DA:43,0
DA:49,2
DA:51,0
DA:52,0
LF:18
LH:6
end_of_record
SF:./lib\presentation\bloc\movie\movie_detail_state.dart
DA:9,2
DA:16,2
DA:21,2
DA:22,1
DA:23,2
DA:24,1
DA:25,2
DA:28,4
DA:29,2
DA:30,2
DA:35,1
DA:36,1
DA:37,1
DA:38,1
DA:39,1
DA:40,1
LF:16
LH:16
end_of_record
SF:./lib\presentation\bloc\movie\movie_detail_bloc.dart
DA:25,1
DA:31,2
DA:32,2
DA:33,4
DA:35,3
DA:37,2
DA:38,5
DA:39,1
DA:40,4
DA:44,2
DA:45,4
DA:47,3
DA:49,2
DA:50,5
DA:51,1
DA:52,4
DA:56,2
DA:57,3
DA:59,1
DA:60,0
DA:61,1
DA:62,3
DA:65,4
DA:68,2
DA:69,3
DA:71,1
DA:72,0
DA:73,1
DA:74,3
DA:77,4
DA:80,2
DA:81,3
DA:82,3
LF:33
LH:31
end_of_record
SF:./lib\presentation\bloc\base_bloc_state.dart
DA:4,19
DA:6,12
DA:7,12
DA:17,17
DA:19,12
DA:20,24
DA:26,19
DA:28,12
DA:29,24
LF:9
LH:9
end_of_record
SF:./lib\domain\usecases\search_movies.dart
DA:9,1
DA:11,1
DA:12,2
LF:3
LH:3
end_of_record
SF:./lib\presentation\bloc\movie\movie_search_event.dart
DA:4,1
DA:6,0
DA:7,0
DA:13,1
DA:15,0
DA:16,0
LF:6
LH:2
end_of_record
SF:./lib\presentation\bloc\movie\movie_search_bloc.dart
DA:13,3
DA:14,2
DA:15,1
DA:17,2
DA:18,2
DA:20,2
DA:21,3
DA:22,1
DA:23,2
DA:25,1
DA:28,1
DA:29,3
LF:12
LH:12
end_of_record
SF:./lib\data\repositories\movie_repository_impl.dart
DA:17,1
DA:22,1
DA:25,2
DA:26,5
DA:27,1
DA:28,2
DA:29,1
DA:30,2
DA:34,1
DA:37,2
DA:38,2
DA:39,1
DA:40,2
DA:41,1
DA:42,2
DA:46,1
DA:49,2
DA:50,3
DA:51,1
DA:52,2
DA:53,1
DA:54,2
DA:58,1
DA:61,2
DA:62,5
DA:63,1
DA:64,2
DA:65,1
DA:66,2
DA:70,1
DA:73,2
DA:74,5
DA:75,1
DA:76,2
DA:77,1
DA:78,2
DA:82,1
DA:85,2
DA:86,5
DA:87,1
DA:88,2
DA:89,1
DA:90,2
DA:94,1
DA:98,3
DA:99,1
DA:100,1
DA:101,3
DA:107,1
DA:111,3
DA:112,1
DA:113,1
DA:114,3
DA:118,1
DA:120,2
DA:124,1
DA:126,2
DA:127,5
LF:58
LH:58
end_of_record
SF:./lib\data\repositories\tv_repository_impl.dart
DA:17,1
DA:22,1
DA:25,2
DA:26,5
DA:27,1
DA:28,2
DA:29,1
DA:30,2
DA:34,1
DA:37,2
DA:38,5
DA:39,1
DA:40,2
DA:41,1
DA:42,2
DA:46,1
DA:49,2
DA:50,5
DA:51,1
DA:52,2
DA:53,1
DA:54,2
DA:58,1
DA:61,2
DA:62,2
DA:63,1
DA:64,2
DA:65,1
DA:66,2
DA:70,1
DA:73,2
DA:74,3
DA:75,1
DA:76,2
DA:77,1
DA:78,2
DA:82,1
DA:85,2
DA:86,5
DA:87,1
DA:88,2
DA:89,1
DA:90,2
DA:94,1
DA:97,3
DA:98,1
DA:99,1
DA:100,3
DA:106,1
DA:109,3
DA:110,1
DA:111,1
DA:112,3
DA:116,1
DA:118,2
DA:122,1
DA:124,2
DA:125,5
LF:58
LH:58
end_of_record
SF:./lib\domain\usecases\get_now_playing_movies.dart
DA:9,1
DA:11,1
DA:12,2
LF:3
LH:3
end_of_record
SF:./lib\domain\usecases\get_popular_movies.dart
DA:9,1
DA:11,1
DA:12,2
LF:3
LH:3
end_of_record
SF:./lib\domain\usecases\get_top_rated_movies.dart
DA:9,1
DA:11,1
DA:12,2
LF:3
LH:3
end_of_record
SF:./lib\domain\usecases\get_watchlist_movies.dart
DA:9,1
DA:11,1
DA:12,2
LF:3
LH:3
end_of_record
SF:./lib\domain\usecases\tv_use_case.dart
DA:11,1
DA:13,1
DA:14,2
DA:17,1
DA:18,2
DA:21,1
DA:22,2
DA:25,1
DA:26,2
DA:29,1
DA:30,2
DA:33,1
DA:34,2
DA:37,1
DA:38,2
DA:41,1
DA:42,2
DA:45,1
DA:46,2
DA:49,1
DA:50,2
LF:21
LH:21
end_of_record
SF:./lib\presentation\bloc\movie\movie_now_playing_event.dart
DA:4,1
DA:6,0
DA:7,0
LF:3
LH:1
end_of_record
SF:./lib\presentation\bloc\movie\movie_now_playing_bloc.dart
DA:12,3
DA:13,2
DA:14,2
DA:16,2
DA:18,2
DA:19,3
DA:20,1
DA:21,2
LF:8
LH:8
end_of_record
SF:./lib\presentation\bloc\movie\movie_popular_event.dart
DA:4,2
DA:6,0
DA:7,0
LF:3
LH:1
end_of_record
SF:./lib\presentation\bloc\movie\movie_popular_bloc.dart
DA:12,3
DA:13,2
DA:14,2
DA:16,2
DA:18,2
DA:19,3
DA:20,1
DA:21,2
LF:8
LH:8
end_of_record
SF:./lib\presentation\bloc\movie\movie_top_rated_bloc.dart
DA:12,3
DA:13,2
DA:14,2
DA:16,2
DA:18,2
DA:19,3
DA:20,1
DA:21,2
LF:8
LH:8
end_of_record
SF:./lib\presentation\bloc\movie\movie_top_rated_event.dart
DA:4,2
DA:6,0
DA:7,0
LF:3
LH:1
end_of_record
SF:./lib\presentation\bloc\movie\movie_watch_list_bloc.dart
DA:12,3
DA:13,2
DA:14,2
DA:16,2
DA:18,2
DA:19,3
DA:20,1
DA:21,2
LF:8
LH:8
end_of_record
SF:./lib\presentation\bloc\movie\movie_watch_list_event.dart
DA:4,1
DA:6,0
DA:7,0
LF:3
LH:1
end_of_record
SF:./lib\presentation\bloc\tv\tv_detail_event.dart
DA:4,2
DA:6,0
DA:7,0
DA:13,2
DA:15,0
DA:16,0
DA:22,2
DA:24,0
DA:25,0
DA:31,1
DA:33,0
DA:34,0
DA:40,2
DA:42,0
DA:43,0
DA:49,2
DA:51,0
DA:52,0
LF:18
LH:6
end_of_record
SF:./lib\presentation\bloc\tv\tv_detail_state.dart
DA:9,2
DA:16,2
DA:21,2
DA:22,1
DA:23,2
DA:24,1
DA:25,2
DA:28,4
DA:29,2
DA:30,2
DA:35,1
DA:36,1
DA:37,1
DA:38,1
DA:39,1
DA:40,1
LF:16
LH:16
end_of_record
SF:./lib\presentation\bloc\tv\tv_detail_bloc.dart
DA:17,3
DA:18,2
DA:19,4
DA:21,3
DA:23,2
DA:24,5
DA:25,1
DA:26,4
DA:30,2
DA:31,4
DA:33,3
DA:35,2
DA:36,5
DA:37,1
DA:38,4
DA:42,2
DA:43,3
DA:45,1
DA:46,0
DA:47,1
DA:48,3
DA:51,4
DA:54,2
DA:55,3
DA:57,1
DA:58,0
DA:59,1
DA:60,3
DA:63,4
DA:66,2
DA:67,3
DA:68,3
LF:32
LH:30
end_of_record
SF:./lib\presentation\bloc\tv\tv_ota_bloc.dart
DA:12,3
DA:13,2
DA:14,2
DA:16,2
DA:18,2
DA:19,3
DA:20,1
DA:21,2
LF:8
LH:8
end_of_record
SF:./lib\presentation\bloc\tv\tv_ota_event.dart
DA:4,2
DA:6,0
DA:7,0
LF:3
LH:1
end_of_record
SF:./lib\presentation\bloc\tv\tv_popular_bloc.dart
DA:12,3
DA:13,2
DA:14,2
DA:16,2
DA:18,2
DA:19,3
DA:20,1
DA:21,2
LF:8
LH:8
end_of_record
SF:./lib\presentation\bloc\tv\tv_popular_event.dart
DA:4,2
DA:6,0
DA:7,0
LF:3
LH:1
end_of_record
SF:./lib\presentation\bloc\tv\tv_top_rated_event.dart
DA:4,2
DA:6,0
DA:7,0
LF:3
LH:1
end_of_record
SF:./lib\presentation\bloc\tv\tv_top_rated_bloc.dart
DA:12,3
DA:13,2
DA:14,2
DA:16,2
DA:18,2
DA:19,3
DA:20,1
DA:21,2
LF:8
LH:8
end_of_record
SF:./lib\presentation\bloc\tv\tv_search_event.dart
DA:4,1
DA:6,0
DA:7,0
DA:13,1
DA:15,0
DA:16,0
LF:6
LH:2
end_of_record
SF:./lib\presentation\bloc\tv\tv_search_bloc.dart
DA:13,3
DA:14,2
DA:15,1
DA:17,2
DA:18,2
DA:20,2
DA:21,3
DA:22,1
DA:23,2
DA:25,2
DA:28,1
DA:29,3
LF:12
LH:12
end_of_record
SF:./lib\presentation\bloc\tv\tv_watch_list_event.dart
DA:4,1
DA:6,0
DA:7,0
LF:3
LH:1
end_of_record
SF:./lib\presentation\bloc\tv\tv_watch_list_bloc.dart
DA:12,3
DA:13,2
DA:14,2
DA:16,2
DA:18,2
DA:19,3
DA:20,1
DA:21,2
LF:8
LH:8
end_of_record
SF:./lib\presentation\pages\movie\movie_detail_page.dart
DA:16,1
DA:18,1
DA:19,1
DA:23,1
DA:25,1
DA:26,4
DA:27,4
DA:28,4
DA:29,4
DA:32,1
DA:34,1
DA:35,1
DA:36,1
DA:37,1
DA:39,1
DA:40,1
DA:41,1
DA:42,3
DA:44,1
DA:46,1
DA:47,1
DA:48,1
DA:54,1
DA:55,2
DA:56,3
DA:57,1
DA:58,1
DA:59,1
DA:60,0
DA:61,0
DA:63,1
DA:64,1
DA:65,1
DA:66,1
DA:68,1
DA:71,1
DA:72,0
DA:73,0
DA:74,0
DA:77,1
DA:78,1
DA:79,1
DA:92,1
DA:94,1
DA:96,3
DA:97,1
DA:98,1
DA:99,1
DA:100,3
DA:102,2
DA:103,1
DA:105,0
DA:107,1
DA:109,1
DA:110,1
DA:111,1
DA:112,1
DA:114,2
DA:121,1
DA:122,1
DA:123,1
DA:125,1
DA:127,1
DA:129,1
DA:130,1
DA:131,2
DA:132,1
DA:134,1
DA:135,1
DA:136,1
DA:137,0
DA:140,0
DA:142,1
DA:145,3
DA:148,1
DA:150,1
DA:151,1
DA:152,1
DA:153,1
DA:154,1
DA:158,1
DA:159,3
DA:161,1
DA:162,3
DA:164,1
DA:165,1
DA:166,1
DA:167,3
DA:169,2
DA:175,4
DA:178,1
DA:179,1
DA:181,1
DA:183,1
DA:184,2
DA:186,1
DA:187,1
DA:189,1
DA:191,1
DA:192,1
DA:193,1
DA:194,1
DA:195,0
DA:196,0
DA:198,1
DA:199,0
DA:200,1
DA:201,0
DA:202,0
DA:204,0
DA:206,0
DA:207,0
DA:208,0
DA:210,0
DA:211,0
DA:212,0
DA:215,0
DA:218,0
DA:219,0
DA:220,0
DA:222,0
DA:224,0
DA:225,0
DA:226,0
DA:228,0
DA:231,0
DA:232,0
DA:238,0
DA:242,1
DA:250,1
DA:252,1
DA:267,1
DA:269,1
DA:272,1
DA:273,1
DA:274,0
DA:275,0
DA:284,1
DA:286,2
DA:287,3
DA:290,1
DA:294,3
DA:297,1
DA:298,1
DA:299,1
DA:301,1
DA:302,1
DA:304,0
LF:148
LH:113
end_of_record
SF:./lib\presentation\pages\movie\popular_movies_page.dart
DA:11,1
DA:12,1
DA:16,1
DA:18,1
DA:19,2
DA:20,2
DA:21,2
DA:24,1
DA:26,1
DA:27,1
DA:28,1
DA:30,1
DA:32,1
DA:33,1
DA:34,1
DA:35,1
DA:36,1
DA:38,1
DA:39,1
DA:40,0
DA:41,0
DA:42,0
DA:44,2
DA:46,1
DA:47,1
DA:48,1
DA:49,2
DA:52,0
DA:53,0
DA:54,0
LF:30
LH:24
end_of_record
SF:./lib\presentation\widgets\movie_card_list.dart
DA:10,0
DA:12,0
DA:14,0
DA:16,0
DA:17,0
DA:18,0
DA:21,0
DA:24,0
DA:26,0
DA:27,0
DA:28,0
DA:34,0
DA:36,0
DA:37,0
DA:38,0
DA:41,0
DA:43,0
DA:44,0
DA:45,0
DA:53,0
DA:58,0
DA:59,0
DA:60,0
DA:62,0
DA:63,0
DA:65,0
DA:67,0
LF:27
LH:0
end_of_record
SF:./lib\presentation\pages\movie\top_rated_movies_page.dart
DA:11,1
DA:12,1
DA:16,1
DA:18,1
DA:19,2
DA:20,2
DA:21,2
DA:24,1
DA:26,1
DA:27,1
DA:28,1
DA:30,1
DA:32,1
DA:33,1
DA:34,1
DA:35,1
DA:36,1
DA:38,1
DA:39,1
DA:40,0
DA:41,0
DA:42,0
DA:44,2
DA:46,1
DA:47,1
DA:48,1
DA:49,2
DA:52,0
DA:53,0
DA:54,0
LF:30
LH:24
end_of_record
SF:./lib\presentation\pages\tv_show\on_the_air_tv_show_page.dart
DA:10,1
DA:11,1
DA:15,1
DA:17,1
DA:18,4
DA:21,1
DA:23,1
DA:24,1
DA:25,1
DA:27,1
DA:29,1
DA:30,1
DA:31,1
DA:32,1
DA:33,1
DA:35,1
DA:36,1
DA:37,1
DA:38,0
DA:39,0
DA:40,0
DA:42,1
DA:44,1
DA:45,1
DA:46,1
DA:47,2
DA:50,0
DA:51,0
DA:52,0
LF:29
LH:23
end_of_record
SF:./lib\presentation\widgets\tv_card_list.dart
DA:10,0
DA:12,0
DA:14,0
DA:16,0
DA:17,0
DA:18,0
DA:21,0
DA:24,0
DA:26,0
DA:27,0
DA:28,0
DA:34,0
DA:36,0
DA:37,0
DA:38,0
DA:41,0
DA:43,0
DA:44,0
DA:45,0
DA:53,0
DA:58,0
DA:59,0
DA:60,0
DA:62,0
DA:63,0
DA:65,0
DA:67,0
LF:27
LH:0
end_of_record
SF:./lib\presentation\pages\tv_show\tv_show_detail_page.dart
DA:17,1
DA:19,1
DA:20,1
DA:24,1
DA:26,1
DA:27,2
DA:28,2
DA:29,4
DA:30,4
DA:31,4
DA:35,1
DA:37,1
DA:38,1
DA:39,1
DA:40,1
DA:42,1
DA:43,1
DA:44,1
DA:45,3
DA:47,1
DA:49,1
DA:50,1
DA:51,1
DA:57,1
DA:58,2
DA:59,3
DA:60,1
DA:61,1
DA:62,1
DA:63,0
DA:64,0
DA:66,1
DA:67,1
DA:68,1
DA:69,1
DA:71,1
DA:74,1
DA:75,0
DA:76,0
DA:77,0
DA:80,1
DA:81,1
DA:82,1
DA:95,1
DA:97,1
DA:99,3
DA:100,1
DA:101,1
DA:102,1
DA:103,3
DA:105,2
DA:106,1
DA:108,0
DA:110,1
DA:112,1
DA:113,1
DA:114,1
DA:115,1
DA:117,2
DA:124,1
DA:125,1
DA:126,1
DA:128,1
DA:130,1
DA:132,1
DA:133,1
DA:134,2
DA:135,1
DA:137,1
DA:138,1
DA:139,1
DA:140,0
DA:143,0
DA:145,1
DA:148,3
DA:151,1
DA:153,1
DA:154,1
DA:155,1
DA:156,1
DA:157,1
DA:161,1
DA:162,3
DA:167,1
DA:168,1
DA:169,1
DA:170,3
DA:172,2
DA:178,4
DA:181,1
DA:182,1
DA:184,1
DA:186,1
DA:187,2
DA:189,1
DA:190,1
DA:192,1
DA:194,1
DA:195,1
DA:196,1
DA:197,1
DA:198,0
DA:199,0
DA:201,1
DA:202,0
DA:203,1
DA:204,0
DA:205,0
DA:207,0
DA:209,0
DA:210,0
DA:211,0
DA:213,0
DA:214,0
DA:215,0
DA:218,0
DA:221,0
DA:222,0
DA:223,0
DA:225,0
DA:227,0
DA:228,0
DA:229,0
DA:231,0
DA:234,0
DA:235,0
DA:241,0
DA:245,1
DA:253,1
DA:255,1
DA:270,1
DA:272,1
DA:275,1
DA:276,1
DA:277,0
DA:278,0
DA:287,1
DA:289,2
DA:290,3
DA:293,1
DA:297,3
LF:141
LH:107
end_of_record
SF:./lib\presentation\pages\tv_show\popular_tv_show_page.dart
DA:10,1
DA:11,1
DA:15,1
DA:17,1
DA:18,4
DA:21,1
DA:23,1
DA:24,1
DA:25,1
DA:27,1
DA:29,1
DA:30,1
DA:31,1
DA:32,1
DA:33,1
DA:35,1
DA:36,1
DA:37,1
DA:38,0
DA:39,0
DA:40,0
DA:42,1
DA:44,1
DA:45,1
DA:46,1
DA:47,2
DA:50,0
DA:51,0
DA:52,0
LF:29
LH:23
end_of_record
SF:./lib\presentation\pages\tv_show\top_rated_tv_show_page.dart
DA:10,1
DA:11,1
DA:15,1
DA:17,1
DA:18,4
DA:21,1
DA:23,1
DA:24,1
DA:25,1
DA:27,1
DA:29,1
DA:30,1
DA:31,1
DA:32,1
DA:33,1
DA:35,1
DA:36,1
DA:37,1
DA:38,0
DA:39,0
DA:40,0
DA:42,1
DA:44,1
DA:45,1
DA:46,1
DA:47,2
DA:50,0
DA:51,0
DA:52,0
LF:29
LH:23
end_of_record
